0 verbose cli /opt/homebrew/Cellar/node/25.8.0/bin/node /opt/homebrew/bin/npm
1 info using npm@11.11.0
2 info using node@v25.8.0
3 silly config load:file:/opt/homebrew/lib/node_modules/npm/npmrc
4 silly config load:file:/Users/xueyuxuan/大二下/大二/data structure/Data-Structure-HW/.npmrc
5 silly config load:file:/Users/xueyuxuan/.npmrc
6 silly config load:file:/opt/homebrew/etc/npmrc
7 verbose title npm exec tsc --noEmit --pretty false
8 verbose argv "--cache" "./.npm-cache" "exec" "--" "tsc" "--noEmit" "--pretty" "false"
9 verbose logfile logs-max:10 dir:/Users/xueyuxuan/大二下/大二/data structure/Data-Structure-HW/.npm-cache/_logs/2026-05-25T09_58_25_854Z-
10 verbose logfile /Users/xueyuxuan/大二下/大二/data structure/Data-Structure-HW/.npm-cache/_logs/2026-05-25T09_58_25_854Z-debug-0.log
11 silly logfile done cleaning log files
12 silly packumentCache heap:4496293888 maxSize:1124073472 maxEntrySize:562036736
13 http fetch GET 200 https://registry.npmjs.org/tsc 351ms (cache miss)
14 silly packumentCache heap:4496293888 maxSize:1124073472 maxEntrySize:562036736
15 http fetch GET 200 https://registry.npmjs.org/npm 579ms
16 silly packumentCache heap:4496293888 maxSize:1124073472 maxEntrySize:562036736
17 warn exec The following package was not found and will be installed: tsc@2.0.4
18 silly idealTree buildDeps
19 silly fetch manifest tsc@2.0.4
20 silly packumentCache full:https://registry.npmjs.org/tsc cache-miss
21 http fetch GET 200 https://registry.npmjs.org/tsc 97ms (cache miss)
22 silly packumentCache full:https://registry.npmjs.org/tsc set size:undefined disposed:false
23 silly placeDep ROOT tsc@2.0.4 OK for:  want: 2.0.4
24 silly reify moves {}
25 silly audit bulk request { tsc: [ '2.0.4' ] }
26 http cache tsc@https://registry.npmjs.org/tsc/-/tsc-2.0.4.tgz 0ms (cache hit)
27 silly tarball no local data for tsc@https://registry.npmjs.org/tsc/-/tsc-2.0.4.tgz. Extracting by manifest.
28 http fetch GET 200 https://registry.npmjs.org/tsc/-/tsc-2.0.4.tgz 101ms (cache miss)
29 http fetch POST 200 https://registry.npmjs.org/-/npm/v1/security/advisories/bulk 250ms
30 silly audit report {}
31 verbose cwd /Users/xueyuxuan/大二下/大二/data structure/Data-Structure-HW
32 verbose os Darwin 25.2.0
33 verbose node v25.8.0
34 verbose npm  v11.11.0
35 notice
35 notice New minor version of npm available! 11.11.0 -> 11.15.0
35 notice Changelog: https://github.com/npm/cli/releases/tag/v11.15.0
35 notice To update run: npm install -g npm@11.15.0
35 notice  { force: true, Symbol(proc-log.meta): true }
36 verbose exit 1
37 verbose code 1
